{"/home/travis/build/npmtest/node-npmtest-url-parse/test.js":{"path":"/home/travis/build/npmtest/node-npmtest-url-parse/test.js","s":{"1":2,"2":2,"3":2,"4":2,"5":2,"6":2,"7":2,"8":1,"9":2,"10":2,"11":1,"12":1,"13":1,"14":1,"15":2,"16":2,"17":2,"18":2,"19":1,"20":1,"21":2,"22":2,"23":2,"24":1,"25":1,"26":1,"27":1,"28":1,"29":1,"30":1,"31":1,"32":1,"33":1,"34":1,"35":1,"36":1,"37":1,"38":1,"39":2,"40":2,"41":1,"42":2,"43":2,"44":1,"45":2,"46":2,"47":1,"48":2,"49":2,"50":1,"51":1,"52":1,"53":1,"54":1},"b":{"1":[2,1,1,1],"2":[1,1,1,1],"3":[1,1],"4":[1,1],"5":[1,1],"6":[1,1],"7":[1,1],"8":[1,1],"9":[1,1],"10":[1,1,1],"11":[1,1],"12":[1,1],"13":[1,1],"14":[1,1],"15":[1,1],"16":[1,1],"17":[1,1]},"f":{"1":2,"2":2,"3":2,"4":2,"5":2,"6":1,"7":1,"8":1,"9":2,"10":2,"11":2,"12":2,"13":1},"fnMap":{"1":{"name":"(anonymous_1)","line":12,"loc":{"start":{"line":12,"column":1},"end":{"line":12,"column":13}}},"2":{"name":"(anonymous_2)","line":19,"loc":{"start":{"line":19,"column":5},"end":{"line":19,"column":17}}},"3":{"name":"(anonymous_3)","line":23,"loc":{"start":{"line":23,"column":24},"end":{"line":23,"column":36}}},"4":{"name":"(anonymous_4)","line":61,"loc":{"start":{"line":61,"column":5},"end":{"line":61,"column":17}}},"5":{"name":"(anonymous_5)","line":82,"loc":{"start":{"line":82,"column":5},"end":{"line":82,"column":17}}},"6":{"name":"(anonymous_6)","line":91,"loc":{"start":{"line":91,"column":77},"end":{"line":94,"column":10}}},"7":{"name":"(anonymous_7)","line":112,"loc":{"start":{"line":112,"column":83},"end":{"line":115,"column":10}},"skip":true},"8":{"name":"(anonymous_8)","line":123,"loc":{"start":{"line":123,"column":77},"end":{"line":126,"column":10}},"skip":true},"9":{"name":"(anonymous_9)","line":139,"loc":{"start":{"line":139,"column":12},"end":{"line":139,"column":40}},"skip":true},"10":{"name":"(anonymous_10)","line":147,"loc":{"start":{"line":147,"column":77},"end":{"line":150,"column":10}},"skip":true},"11":{"name":"(anonymous_11)","line":158,"loc":{"start":{"line":158,"column":83},"end":{"line":161,"column":10}},"skip":true},"12":{"name":"(anonymous_12)","line":169,"loc":{"start":{"line":169,"column":79},"end":{"line":172,"column":10}},"skip":true},"13":{"name":"(anonymous_13)","line":180,"loc":{"start":{"line":180,"column":75},"end":{"line":183,"column":10}},"skip":true}},"statementMap":{"1":{"start":{"line":12,"column":0},"end":{"line":195,"column":5}},"2":{"start":{"line":14,"column":4},"end":{"line":14,"column":14}},"3":{"start":{"line":19,"column":4},"end":{"line":56,"column":9}},"4":{"start":{"line":21,"column":8},"end":{"line":21,"column":19}},"5":{"start":{"line":23,"column":8},"end":{"line":35,"column":13}},"6":{"start":{"line":24,"column":12},"end":{"line":34,"column":13}},"7":{"start":{"line":25,"column":16},"end":{"line":28,"column":30}},"8":{"start":{"line":30,"column":16},"end":{"line":33,"column":27}},"9":{"start":{"line":37,"column":8},"end":{"line":39,"column":21}},"10":{"start":{"line":40,"column":8},"end":{"line":53,"column":9}},"11":{"start":{"line":43,"column":12},"end":{"line":46,"column":14}},"12":{"start":{"line":47,"column":12},"end":{"line":47,"column":18}},"13":{"start":{"line":50,"column":12},"end":{"line":51,"column":46}},"14":{"start":{"line":52,"column":12},"end":{"line":52,"column":18}},"15":{"start":{"line":55,"column":8},"end":{"line":55,"column":35}},"16":{"start":{"line":61,"column":4},"end":{"line":63,"column":9}},"17":{"start":{"line":62,"column":8},"end":{"line":62,"column":15}},"18":{"start":{"line":64,"column":4},"end":{"line":77,"column":5}},"19":{"start":{"line":70,"column":8},"end":{"line":70,"column":14}},"20":{"start":{"line":76,"column":8},"end":{"line":76,"column":14}},"21":{"start":{"line":82,"column":4},"end":{"line":84,"column":9}},"22":{"start":{"line":83,"column":8},"end":{"line":83,"column":15}},"23":{"start":{"line":85,"column":4},"end":{"line":194,"column":5}},"24":{"start":{"line":91,"column":8},"end":{"line":99,"column":10}},"25":{"start":{"line":98,"column":12},"end":{"line":98,"column":35}},"26":{"start":{"line":102,"column":8},"end":{"line":104,"column":63}},"27":{"start":{"line":105,"column":8},"end":{"line":105,"column":14}},"28":{"start":{"line":112,"column":8},"end":{"line":121,"column":10},"skip":true},"29":{"start":{"line":119,"column":12},"end":{"line":119,"column":55},"skip":true},"30":{"start":{"line":120,"column":12},"end":{"line":120,"column":48},"skip":true},"31":{"start":{"line":123,"column":8},"end":{"line":136,"column":10},"skip":true},"32":{"start":{"line":130,"column":12},"end":{"line":130,"column":76},"skip":true},"33":{"start":{"line":131,"column":12},"end":{"line":131,"column":73},"skip":true},"34":{"start":{"line":132,"column":12},"end":{"line":132,"column":74},"skip":true},"35":{"start":{"line":133,"column":12},"end":{"line":133,"column":79},"skip":true},"36":{"start":{"line":134,"column":12},"end":{"line":134,"column":25},"skip":true},"37":{"start":{"line":135,"column":12},"end":{"line":135,"column":45},"skip":true},"38":{"start":{"line":138,"column":8},"end":{"line":145,"column":14},"skip":true},"39":{"start":{"line":143,"column":16},"end":{"line":143,"column":29},"skip":true},"40":{"start":{"line":144,"column":16},"end":{"line":144,"column":55},"skip":true},"41":{"start":{"line":147,"column":8},"end":{"line":156,"column":10},"skip":true},"42":{"start":{"line":154,"column":12},"end":{"line":154,"column":25},"skip":true},"43":{"start":{"line":155,"column":12},"end":{"line":155,"column":45},"skip":true},"44":{"start":{"line":158,"column":8},"end":{"line":167,"column":10},"skip":true},"45":{"start":{"line":165,"column":12},"end":{"line":165,"column":25},"skip":true},"46":{"start":{"line":166,"column":12},"end":{"line":166,"column":48},"skip":true},"47":{"start":{"line":169,"column":8},"end":{"line":178,"column":10},"skip":true},"48":{"start":{"line":176,"column":12},"end":{"line":176,"column":25},"skip":true},"49":{"start":{"line":177,"column":12},"end":{"line":177,"column":46},"skip":true},"50":{"start":{"line":180,"column":8},"end":{"line":189,"column":10},"skip":true},"51":{"start":{"line":187,"column":12},"end":{"line":187,"column":94},"skip":true},"52":{"start":{"line":188,"column":12},"end":{"line":188,"column":48},"skip":true},"53":{"start":{"line":192,"column":8},"end":{"line":192,"column":35},"skip":true},"54":{"start":{"line":193,"column":8},"end":{"line":193,"column":14},"skip":true}},"branchMap":{"1":{"line":25,"type":"binary-expr","locations":[{"start":{"line":25,"column":23},"end":{"line":25,"column":62}},{"start":{"line":26,"column":20},"end":{"line":26,"column":70}},{"start":{"line":27,"column":20},"end":{"line":27,"column":71}},{"start":{"line":28,"column":20},"end":{"line":28,"column":29}}]},"2":{"line":30,"type":"binary-expr","locations":[{"start":{"line":30,"column":23},"end":{"line":30,"column":37}},{"start":{"line":31,"column":20},"end":{"line":31,"column":61}},{"start":{"line":32,"column":20},"end":{"line":32,"column":70}},{"start":{"line":33,"column":20},"end":{"line":33,"column":26}}]},"3":{"line":37,"type":"cond-expr","locations":[{"start":{"line":38,"column":14},"end":{"line":38,"column":20}},{"start":{"line":39,"column":14},"end":{"line":39,"column":20}}]},"4":{"line":40,"type":"switch","locations":[{"start":{"line":42,"column":8},"end":{"line":47,"column":18}},{"start":{"line":49,"column":8},"end":{"line":52,"column":18}}]},"5":{"line":44,"type":"binary-expr","locations":[{"start":{"line":44,"column":16},"end":{"line":44,"column":44}},{"start":{"line":44,"column":48},"end":{"line":44,"column":66}}]},"6":{"line":50,"type":"binary-expr","locations":[{"start":{"line":50,"column":21},"end":{"line":50,"column":49}},{"start":{"line":50,"column":53},"end":{"line":50,"column":72}}]},"7":{"line":64,"type":"switch","locations":[{"start":{"line":69,"column":4},"end":{"line":70,"column":14}},{"start":{"line":75,"column":4},"end":{"line":76,"column":14}}]},"8":{"line":85,"type":"switch","locations":[{"start":{"line":90,"column":4},"end":{"line":105,"column":14}},{"start":{"line":111,"column":4},"end":{"line":193,"column":14},"skip":true}]},"9":{"line":91,"type":"binary-expr","locations":[{"start":{"line":91,"column":42},"end":{"line":91,"column":73}},{"start":{"line":91,"column":77},"end":{"line":99,"column":9}}]},"10":{"line":102,"type":"binary-expr","locations":[{"start":{"line":102,"column":18},"end":{"line":102,"column":32}},{"start":{"line":103,"column":12},"end":{"line":103,"column":53}},{"start":{"line":104,"column":12},"end":{"line":104,"column":61}}]},"11":{"line":112,"type":"binary-expr","locations":[{"start":{"line":112,"column":45},"end":{"line":112,"column":79},"skip":true},{"start":{"line":112,"column":83},"end":{"line":121,"column":9},"skip":true}]},"12":{"line":123,"type":"binary-expr","locations":[{"start":{"line":123,"column":42},"end":{"line":123,"column":73},"skip":true},{"start":{"line":123,"column":77},"end":{"line":136,"column":9},"skip":true}]},"13":{"line":138,"type":"binary-expr","locations":[{"start":{"line":138,"column":48},"end":{"line":138,"column":85},"skip":true},{"start":{"line":139,"column":12},"end":{"line":145,"column":13},"skip":true}]},"14":{"line":147,"type":"binary-expr","locations":[{"start":{"line":147,"column":42},"end":{"line":147,"column":73},"skip":true},{"start":{"line":147,"column":77},"end":{"line":156,"column":9},"skip":true}]},"15":{"line":158,"type":"binary-expr","locations":[{"start":{"line":158,"column":45},"end":{"line":158,"column":79},"skip":true},{"start":{"line":158,"column":83},"end":{"line":167,"column":9},"skip":true}]},"16":{"line":169,"type":"binary-expr","locations":[{"start":{"line":169,"column":43},"end":{"line":169,"column":75},"skip":true},{"start":{"line":169,"column":79},"end":{"line":178,"column":9},"skip":true}]},"17":{"line":180,"type":"binary-expr","locations":[{"start":{"line":180,"column":41},"end":{"line":180,"column":71},"skip":true},{"start":{"line":180,"column":75},"end":{"line":189,"column":9},"skip":true}]}},"code":["/* istanbul instrument in package npmtest_url_parse */","/*jslint","    bitwise: true,","    browser: true,","    maxerr: 8,","    maxlen: 96,","    node: true,","    nomen: true,","    regexp: true,","    stupid: true","*/","(function () {","    'use strict';","    var local;","","","","    // run shared js-env code - pre-init","    (function () {","        // init local","        local = {};","        // init modeJs","        local.modeJs = (function () {","            try {","                return typeof navigator.userAgent === 'string' &&","                    typeof document.querySelector('body') === 'object' &&","                    typeof XMLHttpRequest.prototype.open === 'function' &&","                    'browser';","            } catch (errorCaughtBrowser) {","                return module.exports &&","                    typeof process.versions.node === 'string' &&","                    typeof require('http').createServer === 'function' &&","                    'node';","            }","        }());","        // init global","        local.global = local.modeJs === 'browser'","            ? window","            : global;","        switch (local.modeJs) {","        // re-init local from window.local","        case 'browser':","            local = local.global.utility2.objectSetDefault(","                local.global.utility2_rollup || local.global.local,","                local.global.utility2","            );","            break;","        // re-init local from example.js","        case 'node':","            local = (local.global.utility2_rollup || require('utility2'))","                .requireExampleJsFromReadme();","            break;","        }","        // export local","        local.global.local = local;","    }());","","","","    // run shared js-env code - function","    (function () {","        return;","    }());","    switch (local.modeJs) {","","","","    // run browser js-env code - function","    case 'browser':","        break;","","","","    // run node js-env code - function","    case 'node':","        break;","    }","","","","    // run shared js-env code - post-init","    (function () {","        return;","    }());","    switch (local.modeJs) {","","","","    // run browser js-env code - post-init","    case 'browser':","        local.testCase_browser_nullCase = local.testCase_browser_nullCase || function (","            options,","            onError","        ) {","        /*","         * this function will test browsers's null-case handling-behavior-behavior","         */","            onError(null, options);","        };","","        // run tests","        local.nop(local.modeTest &&","            document.querySelector('#testRunButton1') &&","            document.querySelector('#testRunButton1').click());","        break;","","","","    // run node js-env code - post-init","    /* istanbul ignore next */","    case 'node':","        local.testCase_buildApidoc_default = local.testCase_buildApidoc_default || function (","            options,","            onError","        ) {","        /*","         * this function will test buildApidoc's default handling-behavior-behavior","         */","            options = { modulePathList: module.paths };","            local.buildApidoc(options, onError);","        };","","        local.testCase_buildApp_default = local.testCase_buildApp_default || function (","            options,","            onError","        ) {","        /*","         * this function will test buildApp's default handling-behavior-behavior","         */","            local.testCase_buildReadme_default(options, local.onErrorThrow);","            local.testCase_buildLib_default(options, local.onErrorThrow);","            local.testCase_buildTest_default(options, local.onErrorThrow);","            local.testCase_buildCustomOrg_default(options, local.onErrorThrow);","            options = [];","            local.buildApp(options, onError);","        };","","        local.testCase_buildCustomOrg_default = local.testCase_buildCustomOrg_default ||","            function (options, onError) {","            /*","             * this function will test buildCustomOrg's default handling-behavior","             */","                options = {};","                local.buildCustomOrg(options, onError);","            };","","        local.testCase_buildLib_default = local.testCase_buildLib_default || function (","            options,","            onError","        ) {","        /*","         * this function will test buildLib's default handling-behavior","         */","            options = {};","            local.buildLib(options, onError);","        };","","        local.testCase_buildReadme_default = local.testCase_buildReadme_default || function (","            options,","            onError","        ) {","        /*","         * this function will test buildReadme's default handling-behavior-behavior","         */","            options = {};","            local.buildReadme(options, onError);","        };","","        local.testCase_buildTest_default = local.testCase_buildTest_default || function (","            options,","            onError","        ) {","        /*","         * this function will test buildTest's default handling-behavior","         */","            options = {};","            local.buildTest(options, onError);","        };","","        local.testCase_webpage_default = local.testCase_webpage_default || function (","            options,","            onError","        ) {","        /*","         * this function will test webpage's default handling-behavior","         */","            options = { modeCoverageMerge: true, url: local.serverLocalHost + '?modeTest=1' };","            local.browserTest(options, onError);","        };","","        // run test-server","        local.testRunServer(local);","        break;","    }","}());",""],"l":{"12":2,"14":2,"19":2,"21":2,"23":2,"24":2,"25":2,"30":1,"37":2,"40":2,"43":1,"47":1,"50":1,"52":1,"55":2,"61":2,"62":2,"64":2,"70":1,"76":1,"82":2,"83":2,"85":2,"91":1,"98":1,"102":1,"105":1,"112":1,"119":1,"120":1,"123":1,"130":1,"131":1,"132":1,"133":1,"134":1,"135":1,"138":1,"143":2,"144":2,"147":1,"154":2,"155":2,"158":1,"165":2,"166":2,"169":1,"176":2,"177":2,"180":1,"187":1,"188":1,"192":1,"193":1}},"/home/travis/build/npmtest/node-npmtest-url-parse/lib.npmtest_url_parse.js":{"path":"/home/travis/build/npmtest/node-npmtest-url-parse/lib.npmtest_url_parse.js","s":{"1":2,"2":2,"3":2,"4":2,"5":2,"6":2,"7":2,"8":1,"9":2,"10":2,"11":2,"12":2,"13":1,"14":1,"15":1,"16":1},"b":{"1":[2,1,1,1],"2":[1,1,1,1],"3":[1,1],"4":[2,2],"5":[1,1]},"f":{"1":2,"2":2,"3":2},"fnMap":{"1":{"name":"(anonymous_1)","line":12,"loc":{"start":{"line":12,"column":1},"end":{"line":12,"column":13}}},"2":{"name":"(anonymous_2)","line":19,"loc":{"start":{"line":19,"column":5},"end":{"line":19,"column":17}}},"3":{"name":"(anonymous_3)","line":23,"loc":{"start":{"line":23,"column":24},"end":{"line":23,"column":36}}}},"statementMap":{"1":{"start":{"line":12,"column":0},"end":{"line":53,"column":5}},"2":{"start":{"line":14,"column":4},"end":{"line":14,"column":14}},"3":{"start":{"line":19,"column":4},"end":{"line":52,"column":9}},"4":{"start":{"line":21,"column":8},"end":{"line":21,"column":19}},"5":{"start":{"line":23,"column":8},"end":{"line":35,"column":13}},"6":{"start":{"line":24,"column":12},"end":{"line":34,"column":13}},"7":{"start":{"line":25,"column":16},"end":{"line":28,"column":30}},"8":{"start":{"line":30,"column":16},"end":{"line":33,"column":27}},"9":{"start":{"line":37,"column":8},"end":{"line":39,"column":21}},"10":{"start":{"line":41,"column":8},"end":{"line":41,"column":54}},"11":{"start":{"line":43,"column":8},"end":{"line":43,"column":54}},"12":{"start":{"line":45,"column":8},"end":{"line":51,"column":9}},"13":{"start":{"line":46,"column":12},"end":{"line":46,"column":60}},"14":{"start":{"line":48,"column":12},"end":{"line":48,"column":35}},"15":{"start":{"line":49,"column":12},"end":{"line":49,"column":49}},"16":{"start":{"line":50,"column":12},"end":{"line":50,"column":43}}},"branchMap":{"1":{"line":25,"type":"binary-expr","locations":[{"start":{"line":25,"column":23},"end":{"line":25,"column":62}},{"start":{"line":26,"column":20},"end":{"line":26,"column":70}},{"start":{"line":27,"column":20},"end":{"line":27,"column":71}},{"start":{"line":28,"column":20},"end":{"line":28,"column":29}}]},"2":{"line":30,"type":"binary-expr","locations":[{"start":{"line":30,"column":23},"end":{"line":30,"column":37}},{"start":{"line":31,"column":20},"end":{"line":31,"column":61}},{"start":{"line":32,"column":20},"end":{"line":32,"column":70}},{"start":{"line":33,"column":20},"end":{"line":33,"column":26}}]},"3":{"line":37,"type":"cond-expr","locations":[{"start":{"line":38,"column":14},"end":{"line":38,"column":20}},{"start":{"line":39,"column":14},"end":{"line":39,"column":20}}]},"4":{"line":41,"type":"binary-expr","locations":[{"start":{"line":41,"column":16},"end":{"line":41,"column":44}},{"start":{"line":41,"column":48},"end":{"line":41,"column":53}}]},"5":{"line":45,"type":"if","locations":[{"start":{"line":45,"column":8},"end":{"line":45,"column":8}},{"start":{"line":45,"column":8},"end":{"line":45,"column":8}}]}},"code":["/* istanbul instrument in package npmtest_url_parse */","/*jslint","    bitwise: true,","    browser: true,","    maxerr: 8,","    maxlen: 96,","    node: true,","    nomen: true,","    regexp: true,","    stupid: true","*/","(function () {","    'use strict';","    var local;","","","","    // run shared js-env code - pre-init","    (function () {","        // init local","        local = {};","        // init modeJs","        local.modeJs = (function () {","            try {","                return typeof navigator.userAgent === 'string' &&","                    typeof document.querySelector('body') === 'object' &&","                    typeof XMLHttpRequest.prototype.open === 'function' &&","                    'browser';","            } catch (errorCaughtBrowser) {","                return module.exports &&","                    typeof process.versions.node === 'string' &&","                    typeof require('http').createServer === 'function' &&","                    'node';","            }","        }());","        // init global","        local.global = local.modeJs === 'browser'","            ? window","            : global;","        // init utility2_rollup","        local = local.global.utility2_rollup || local;","        // init lib","        local.local = local.npmtest_url_parse = local;","        // init exports","        if (local.modeJs === 'browser') {","            local.global.utility2_npmtest_url_parse = local;","        } else {","            module.exports = local;","            module.exports.__dirname = __dirname;","            module.exports.module = module;","        }","    }());","}());",""],"l":{"12":2,"14":2,"19":2,"21":2,"23":2,"24":2,"25":2,"30":1,"37":2,"41":2,"43":2,"45":2,"46":1,"48":1,"49":1,"50":1}},"/home/travis/build/npmtest/node-npmtest-url-parse/example.js":{"path":"/home/travis/build/npmtest/node-npmtest-url-parse/example.js","s":{"1":2,"2":2,"3":2,"4":2,"5":2,"6":2,"7":2,"8":1,"9":2,"10":2,"11":2,"12":2,"13":1,"14":2,"15":2,"16":2,"17":2,"18":2,"19":0,"20":2,"21":1,"22":1,"23":1,"24":1,"25":1,"26":0,"27":0,"28":1,"29":1,"30":2,"31":0,"32":0,"33":0,"34":1,"35":2,"36":2,"37":3,"38":3,"39":3,"40":3,"41":0,"42":3,"43":3,"44":3,"45":1,"46":3,"47":1,"48":1,"49":1,"50":1,"51":1,"52":1,"53":1,"54":1,"55":1,"56":1,"57":0,"58":1,"59":6,"60":6,"61":1,"62":2,"63":0,"64":2,"65":1,"66":1,"67":0,"68":0,"69":0,"70":0,"71":0,"72":0,"73":0,"74":0,"75":0,"76":0,"77":0,"78":0,"79":0,"80":0,"81":0,"82":0,"83":0},"b":{"1":[2,1,1,1],"2":[1,1,1,1],"3":[1,1],"4":[2,2],"5":[1,1],"6":[1,1],"7":[2,0],"8":[2,1,1,1,1,1],"9":[0,2,0],"10":[1,1],"11":[2,1,1],"12":[1,0],"13":[0,2],"14":[2,0,0,0,0,0,0],"15":[0,3],"16":[3,0],"17":[1,1],"18":[0,1],"19":[1,2,0,2],"20":[1,0],"21":[1,1],"22":[0,0],"23":[0,0],"24":[0,0],"25":[0,0],"26":[0,0],"27":[0,0],"28":[0,0]},"f":{"1":2,"2":2,"3":2,"4":2,"5":2,"6":2,"7":3,"8":3,"9":3,"10":1,"11":6,"12":0},"fnMap":{"1":{"name":"(anonymous_1)","line":26,"loc":{"start":{"line":26,"column":1},"end":{"line":26,"column":13}}},"2":{"name":"(anonymous_2)","line":33,"loc":{"start":{"line":33,"column":5},"end":{"line":33,"column":17}}},"3":{"name":"(anonymous_3)","line":37,"loc":{"start":{"line":37,"column":24},"end":{"line":37,"column":36}}},"4":{"name":"(anonymous_4)","line":69,"loc":{"start":{"line":69,"column":31},"end":{"line":69,"column":48}},"skip":true},"5":{"name":"(anonymous_5)","line":78,"loc":{"start":{"line":78,"column":26},"end":{"line":78,"column":45}},"skip":true},"6":{"name":"(anonymous_6)","line":123,"loc":{"start":{"line":123,"column":33},"end":{"line":123,"column":48}},"skip":true},"7":{"name":"(anonymous_7)","line":125,"loc":{"start":{"line":125,"column":27},"end":{"line":125,"column":39}},"skip":true},"8":{"name":"(anonymous_8)","line":133,"loc":{"start":{"line":133,"column":59},"end":{"line":133,"column":74}},"skip":true},"9":{"name":"(anonymous_9)","line":143,"loc":{"start":{"line":143,"column":45},"end":{"line":143,"column":62}},"skip":true},"10":{"name":"(anonymous_10)","line":144,"loc":{"start":{"line":144,"column":73},"end":{"line":144,"column":92}},"skip":true},"11":{"name":"(anonymous_11)","line":272,"loc":{"start":{"line":272,"column":51},"end":{"line":272,"column":77}},"skip":true},"12":{"name":"(anonymous_12)","line":315,"loc":{"start":{"line":315,"column":32},"end":{"line":315,"column":61}},"skip":true}},"statementMap":{"1":{"start":{"line":26,"column":0},"end":{"line":326,"column":5}},"2":{"start":{"line":28,"column":4},"end":{"line":28,"column":14}},"3":{"start":{"line":33,"column":4},"end":{"line":60,"column":9}},"4":{"start":{"line":35,"column":8},"end":{"line":35,"column":19}},"5":{"start":{"line":37,"column":8},"end":{"line":49,"column":13}},"6":{"start":{"line":38,"column":12},"end":{"line":48,"column":13}},"7":{"start":{"line":39,"column":16},"end":{"line":42,"column":30}},"8":{"start":{"line":44,"column":16},"end":{"line":47,"column":27}},"9":{"start":{"line":51,"column":8},"end":{"line":53,"column":21}},"10":{"start":{"line":55,"column":8},"end":{"line":57,"column":45}},"11":{"start":{"line":59,"column":8},"end":{"line":59,"column":35}},"12":{"start":{"line":61,"column":4},"end":{"line":325,"column":5}},"13":{"start":{"line":69,"column":8},"end":{"line":121,"column":10},"skip":true},"14":{"start":{"line":70,"column":12},"end":{"line":88,"column":13},"skip":true},"15":{"start":{"line":76,"column":16},"end":{"line":87,"column":19},"skip":true},"16":{"start":{"line":79,"column":20},"end":{"line":86,"column":21},"skip":true},"17":{"start":{"line":82,"column":24},"end":{"line":82,"column":43},"skip":true},"18":{"start":{"line":83,"column":24},"end":{"line":83,"column":30},"skip":true},"19":{"start":{"line":85,"column":24},"end":{"line":85,"column":49},"skip":true},"20":{"start":{"line":89,"column":12},"end":{"line":107,"column":13},"skip":true},"21":{"start":{"line":92,"column":16},"end":{"line":102,"column":17},"skip":true},"22":{"start":{"line":93,"column":20},"end":{"line":93,"column":86},"skip":true},"23":{"start":{"line":94,"column":20},"end":{"line":95,"column":45},"skip":true},"24":{"start":{"line":96,"column":20},"end":{"line":96,"column":42},"skip":true},"25":{"start":{"line":97,"column":20},"end":{"line":97,"column":48},"skip":true},"26":{"start":{"line":100,"column":20},"end":{"line":100,"column":85},"skip":true},"27":{"start":{"line":101,"column":20},"end":{"line":101,"column":96},"skip":true},"28":{"start":{"line":103,"column":16},"end":{"line":103,"column":22},"skip":true},"29":{"start":{"line":106,"column":16},"end":{"line":106,"column":22},"skip":true},"30":{"start":{"line":108,"column":12},"end":{"line":120,"column":13},"skip":true},"31":{"start":{"line":114,"column":16},"end":{"line":119,"column":17},"skip":true},"32":{"start":{"line":116,"column":20},"end":{"line":116,"column":78},"skip":true},"33":{"start":{"line":118,"column":20},"end":{"line":118,"column":47},"skip":true},"34":{"start":{"line":123,"column":8},"end":{"line":141,"column":11},"skip":true},"35":{"start":{"line":124,"column":12},"end":{"line":124,"column":54},"skip":true},"36":{"start":{"line":125,"column":12},"end":{"line":140,"column":14},"skip":true},"37":{"start":{"line":126,"column":16},"end":{"line":126,"column":28},"skip":true},"38":{"start":{"line":127,"column":16},"end":{"line":127,"column":69},"skip":true},"39":{"start":{"line":128,"column":16},"end":{"line":128,"column":75},"skip":true},"40":{"start":{"line":129,"column":16},"end":{"line":131,"column":17},"skip":true},"41":{"start":{"line":130,"column":20},"end":{"line":130,"column":27},"skip":true},"42":{"start":{"line":133,"column":16},"end":{"line":137,"column":36},"skip":true},"43":{"start":{"line":134,"column":20},"end":{"line":136,"column":55},"skip":true},"44":{"start":{"line":139,"column":16},"end":{"line":139,"column":57},"skip":true},"45":{"start":{"line":143,"column":8},"end":{"line":147,"column":11},"skip":true},"46":{"start":{"line":144,"column":12},"end":{"line":146,"column":15},"skip":true},"47":{"start":{"line":145,"column":16},"end":{"line":145,"column":70},"skip":true},"48":{"start":{"line":149,"column":8},"end":{"line":149,"column":31},"skip":true},"49":{"start":{"line":150,"column":8},"end":{"line":150,"column":14},"skip":true},"50":{"start":{"line":158,"column":8},"end":{"line":158,"column":31},"skip":true},"51":{"start":{"line":160,"column":8},"end":{"line":160,"column":33},"skip":true},"52":{"start":{"line":161,"column":8},"end":{"line":161,"column":37},"skip":true},"53":{"start":{"line":162,"column":8},"end":{"line":162,"column":35},"skip":true},"54":{"start":{"line":164,"column":8},"end":{"line":164,"column":50},"skip":true},"55":{"start":{"line":166,"column":8},"end":{"line":256,"column":2},"skip":true},"56":{"start":{"line":258,"column":8},"end":{"line":286,"column":9},"skip":true},"57":{"start":{"line":259,"column":12},"end":{"line":269,"column":14},"skip":true},"58":{"start":{"line":271,"column":12},"end":{"line":285,"column":19},"skip":true},"59":{"start":{"line":274,"column":20},"end":{"line":274,"column":35},"skip":true},"60":{"start":{"line":275,"column":20},"end":{"line":284,"column":21},"skip":true},"61":{"start":{"line":277,"column":24},"end":{"line":277,"column":64},"skip":true},"62":{"start":{"line":279,"column":24},"end":{"line":279,"column":40},"skip":true},"63":{"start":{"line":281,"column":24},"end":{"line":281,"column":40},"skip":true},"64":{"start":{"line":283,"column":24},"end":{"line":283,"column":39},"skip":true},"65":{"start":{"line":288,"column":8},"end":{"line":290,"column":9},"skip":true},"66":{"start":{"line":289,"column":12},"end":{"line":289,"column":18},"skip":true},"67":{"start":{"line":291,"column":8},"end":{"line":293,"column":54},"skip":true},"68":{"start":{"line":296,"column":8},"end":{"line":301,"column":37},"skip":true},"69":{"start":{"line":303,"column":8},"end":{"line":303,"column":82},"skip":true},"70":{"start":{"line":306,"column":8},"end":{"line":308,"column":9},"skip":true},"71":{"start":{"line":307,"column":12},"end":{"line":307,"column":82},"skip":true},"72":{"start":{"line":310,"column":8},"end":{"line":312,"column":9},"skip":true},"73":{"start":{"line":311,"column":12},"end":{"line":311,"column":18},"skip":true},"74":{"start":{"line":313,"column":8},"end":{"line":313,"column":54},"skip":true},"75":{"start":{"line":314,"column":8},"end":{"line":314,"column":69},"skip":true},"76":{"start":{"line":315,"column":8},"end":{"line":323,"column":36},"skip":true},"77":{"start":{"line":316,"column":12},"end":{"line":316,"column":61},"skip":true},"78":{"start":{"line":317,"column":12},"end":{"line":320,"column":13},"skip":true},"79":{"start":{"line":318,"column":16},"end":{"line":318,"column":75},"skip":true},"80":{"start":{"line":319,"column":16},"end":{"line":319,"column":23},"skip":true},"81":{"start":{"line":321,"column":12},"end":{"line":321,"column":38},"skip":true},"82":{"start":{"line":322,"column":12},"end":{"line":322,"column":27},"skip":true},"83":{"start":{"line":324,"column":8},"end":{"line":324,"column":14},"skip":true}},"branchMap":{"1":{"line":39,"type":"binary-expr","locations":[{"start":{"line":39,"column":23},"end":{"line":39,"column":62}},{"start":{"line":40,"column":20},"end":{"line":40,"column":70}},{"start":{"line":41,"column":20},"end":{"line":41,"column":71}},{"start":{"line":42,"column":20},"end":{"line":42,"column":29}}]},"2":{"line":44,"type":"binary-expr","locations":[{"start":{"line":44,"column":23},"end":{"line":44,"column":37}},{"start":{"line":45,"column":20},"end":{"line":45,"column":61}},{"start":{"line":46,"column":20},"end":{"line":46,"column":70}},{"start":{"line":47,"column":20},"end":{"line":47,"column":26}}]},"3":{"line":51,"type":"cond-expr","locations":[{"start":{"line":52,"column":14},"end":{"line":52,"column":20}},{"start":{"line":53,"column":14},"end":{"line":53,"column":20}}]},"4":{"line":55,"type":"binary-expr","locations":[{"start":{"line":55,"column":16},"end":{"line":55,"column":44}},{"start":{"line":55,"column":49},"end":{"line":57,"column":43}}]},"5":{"line":55,"type":"cond-expr","locations":[{"start":{"line":56,"column":14},"end":{"line":56,"column":53}},{"start":{"line":57,"column":14},"end":{"line":57,"column":43}}]},"6":{"line":61,"type":"switch","locations":[{"start":{"line":68,"column":4},"end":{"line":150,"column":14},"skip":true},{"start":{"line":156,"column":4},"end":{"line":324,"column":14},"skip":true}]},"7":{"line":70,"type":"if","locations":[{"start":{"line":70,"column":12},"end":{"line":70,"column":12},"skip":true},{"start":{"line":70,"column":12},"end":{"line":70,"column":12},"skip":true}]},"8":{"line":70,"type":"binary-expr","locations":[{"start":{"line":70,"column":16},"end":{"line":70,"column":22},"skip":true},{"start":{"line":70,"column":27},"end":{"line":70,"column":32},"skip":true},{"start":{"line":71,"column":20},"end":{"line":71,"column":39},"skip":true},{"start":{"line":72,"column":20},"end":{"line":72,"column":49},"skip":true},{"start":{"line":73,"column":20},"end":{"line":73,"column":58},"skip":true},{"start":{"line":74,"column":20},"end":{"line":74,"column":69},"skip":true}]},"9":{"line":79,"type":"switch","locations":[{"start":{"line":80,"column":20},"end":{"line":80,"column":33},"skip":true},{"start":{"line":81,"column":20},"end":{"line":83,"column":30},"skip":true},{"start":{"line":84,"column":20},"end":{"line":85,"column":49},"skip":true}]},"10":{"line":89,"type":"switch","locations":[{"start":{"line":90,"column":12},"end":{"line":103,"column":22},"skip":true},{"start":{"line":105,"column":12},"end":{"line":106,"column":22},"skip":true}]},"11":{"line":89,"type":"binary-expr","locations":[{"start":{"line":89,"column":20},"end":{"line":89,"column":25},"skip":true},{"start":{"line":89,"column":29},"end":{"line":89,"column":48},"skip":true},{"start":{"line":89,"column":52},"end":{"line":89,"column":74},"skip":true}]},"12":{"line":92,"type":"if","locations":[{"start":{"line":92,"column":16},"end":{"line":92,"column":16},"skip":true},{"start":{"line":92,"column":16},"end":{"line":92,"column":16},"skip":true}]},"13":{"line":108,"type":"if","locations":[{"start":{"line":108,"column":12},"end":{"line":108,"column":12},"skip":true},{"start":{"line":108,"column":12},"end":{"line":108,"column":12},"skip":true}]},"14":{"line":108,"type":"binary-expr","locations":[{"start":{"line":108,"column":16},"end":{"line":108,"column":61},"skip":true},{"start":{"line":108,"column":66},"end":{"line":108,"column":72},"skip":true},{"start":{"line":108,"column":77},"end":{"line":108,"column":82},"skip":true},{"start":{"line":109,"column":20},"end":{"line":109,"column":39},"skip":true},{"start":{"line":110,"column":20},"end":{"line":110,"column":49},"skip":true},{"start":{"line":111,"column":20},"end":{"line":111,"column":58},"skip":true},{"start":{"line":112,"column":20},"end":{"line":112,"column":68},"skip":true}]},"15":{"line":129,"type":"if","locations":[{"start":{"line":129,"column":16},"end":{"line":129,"column":16},"skip":true},{"start":{"line":129,"column":16},"end":{"line":129,"column":16},"skip":true}]},"16":{"line":134,"type":"cond-expr","locations":[{"start":{"line":135,"column":26},"end":{"line":135,"column":29},"skip":true},{"start":{"line":136,"column":26},"end":{"line":136,"column":54},"skip":true}]},"17":{"line":164,"type":"binary-expr","locations":[{"start":{"line":164,"column":27},"end":{"line":164,"column":43},"skip":true},{"start":{"line":164,"column":47},"end":{"line":164,"column":49},"skip":true}]},"18":{"line":258,"type":"if","locations":[{"start":{"line":258,"column":8},"end":{"line":258,"column":8},"skip":true},{"start":{"line":258,"column":8},"end":{"line":258,"column":8},"skip":true}]},"19":{"line":275,"type":"switch","locations":[{"start":{"line":276,"column":20},"end":{"line":277,"column":64},"skip":true},{"start":{"line":278,"column":20},"end":{"line":279,"column":40},"skip":true},{"start":{"line":280,"column":20},"end":{"line":281,"column":40},"skip":true},{"start":{"line":282,"column":20},"end":{"line":283,"column":39},"skip":true}]},"20":{"line":288,"type":"if","locations":[{"start":{"line":288,"column":8},"end":{"line":288,"column":8},"skip":true},{"start":{"line":288,"column":8},"end":{"line":288,"column":8},"skip":true}]},"21":{"line":288,"type":"binary-expr","locations":[{"start":{"line":288,"column":12},"end":{"line":288,"column":40},"skip":true},{"start":{"line":288,"column":44},"end":{"line":288,"column":67},"skip":true}]},"22":{"line":292,"type":"binary-expr","locations":[{"start":{"line":292,"column":12},"end":{"line":292,"column":50},"skip":true},{"start":{"line":293,"column":12},"end":{"line":293,"column":53},"skip":true}]},"23":{"line":297,"type":"binary-expr","locations":[{"start":{"line":297,"column":12},"end":{"line":297,"column":67},"skip":true},{"start":{"line":298,"column":12},"end":{"line":301,"column":36},"skip":true}]},"24":{"line":303,"type":"binary-expr","locations":[{"start":{"line":303,"column":43},"end":{"line":303,"column":75},"skip":true},{"start":{"line":303,"column":79},"end":{"line":303,"column":81},"skip":true}]},"25":{"line":306,"type":"if","locations":[{"start":{"line":306,"column":8},"end":{"line":306,"column":8},"skip":true},{"start":{"line":306,"column":8},"end":{"line":306,"column":8},"skip":true}]},"26":{"line":310,"type":"if","locations":[{"start":{"line":310,"column":8},"end":{"line":310,"column":8},"skip":true},{"start":{"line":310,"column":8},"end":{"line":310,"column":8},"skip":true}]},"27":{"line":313,"type":"binary-expr","locations":[{"start":{"line":313,"column":27},"end":{"line":313,"column":43},"skip":true},{"start":{"line":313,"column":47},"end":{"line":313,"column":53},"skip":true}]},"28":{"line":317,"type":"if","locations":[{"start":{"line":317,"column":12},"end":{"line":317,"column":12},"skip":true},{"start":{"line":317,"column":12},"end":{"line":317,"column":12},"skip":true}]}},"code":["/*","example.js","","quickstart example","","instruction","    1. save this script as example.js","    2. run the shell command:","        $ npm install npmtest-url-parse && PORT=8081 node example.js","    3. play with the browser-demo on http://127.0.0.1:8081","*/","","","","/* istanbul instrument in package npmtest_url_parse */","/*jslint","    bitwise: true,","    browser: true,","    maxerr: 8,","    maxlen: 96,","    node: true,","    nomen: true,","    regexp: true,","    stupid: true","*/","(function () {","    'use strict';","    var local;","","","","    // run shared js-env code - pre-init","    (function () {","        // init local","        local = {};","        // init modeJs","        local.modeJs = (function () {","            try {","                return typeof navigator.userAgent === 'string' &&","                    typeof document.querySelector('body') === 'object' &&","                    typeof XMLHttpRequest.prototype.open === 'function' &&","                    'browser';","            } catch (errorCaughtBrowser) {","                return module.exports &&","                    typeof process.versions.node === 'string' &&","                    typeof require('http').createServer === 'function' &&","                    'node';","            }","        }());","        // init global","        local.global = local.modeJs === 'browser'","            ? window","            : global;","        // init utility2_rollup","        local = local.global.utility2_rollup || (local.modeJs === 'browser'","            ? local.global.utility2_npmtest_url_parse","            : global.utility2_moduleExports);","        // export local","        local.global.local = local;","    }());","    switch (local.modeJs) {","","","","    // post-init","    // run browser js-env code - post-init","    /* istanbul ignore next */","    case 'browser':","        local.testRunBrowser = function (event) {","            if (!event || (event &&","                    event.currentTarget &&","                    event.currentTarget.className &&","                    event.currentTarget.className.includes &&","                    event.currentTarget.className.includes('onreset'))) {","                // reset output","                Array.from(","                    document.querySelectorAll('body > .resettable')","                ).forEach(function (element) {","                    switch (element.tagName) {","                    case 'INPUT':","                    case 'TEXTAREA':","                        element.value = '';","                        break;","                    default:","                        element.textContent = '';","                    }","                });","            }","            switch (event && event.currentTarget && event.currentTarget.id) {","            case 'testRunButton1':","                // show tests","                if (document.querySelector('#testReportDiv1').style.display === 'none') {","                    document.querySelector('#testReportDiv1').style.display = 'block';","                    document.querySelector('#testRunButton1').textContent =","                        'hide internal test';","                    local.modeTest = true;","                    local.testRunDefault(local);","                // hide tests","                } else {","                    document.querySelector('#testReportDiv1').style.display = 'none';","                    document.querySelector('#testRunButton1').textContent = 'run internal test';","                }","                break;","            // custom-case","            default:","                break;","            }","            if (document.querySelector('#inputTextareaEval1') && (!event || (event &&","                    event.currentTarget &&","                    event.currentTarget.className &&","                    event.currentTarget.className.includes &&","                    event.currentTarget.className.includes('oneval')))) {","                // try to eval input-code","                try {","                    /*jslint evil: true*/","                    eval(document.querySelector('#inputTextareaEval1').value);","                } catch (errorCaught) {","                    console.error(errorCaught);","                }","            }","        };","        // log stderr and stdout to #outputTextareaStdout1","        ['error', 'log'].forEach(function (key) {","            console[key + '_original'] = console[key];","            console[key] = function () {","                var element;","                console[key + '_original'].apply(console, arguments);","                element = document.querySelector('#outputTextareaStdout1');","                if (!element) {","                    return;","                }","                // append text to #outputTextareaStdout1","                element.value += Array.from(arguments).map(function (arg) {","                    return typeof arg === 'string'","                        ? arg","                        : JSON.stringify(arg, null, 4);","                }).join(' ') + '\\n';","                // scroll textarea to bottom","                element.scrollTop = element.scrollHeight;","            };","        });","        // init event-handling","        ['change', 'click', 'keyup'].forEach(function (event) {","            Array.from(document.querySelectorAll('.on' + event)).forEach(function (element) {","                element.addEventListener(event, local.testRunBrowser);","            });","        });","        // run tests","        local.testRunBrowser();","        break;","","","","    // run node js-env code - post-init","    /* istanbul ignore next */","    case 'node':","        // export local","        module.exports = local;","        // require modules","        local.fs = require('fs');","        local.http = require('http');","        local.url = require('url');","        // init assets","        local.assetsDict = local.assetsDict || {};","        /* jslint-ignore-begin */","        local.assetsDict['/assets.index.template.html'] = '\\","<!doctype html>\\n\\","<html lang=\"en\">\\n\\","<head>\\n\\","<meta charset=\"UTF-8\">\\n\\","<meta name=\"viewport\" content=\"width=device-width, initial-scale=1\">\\n\\","<title>{{env.npm_package_name}} (v{{env.npm_package_version}})</title>\\n\\","<style>\\n\\","/*csslint\\n\\","    box-sizing: false,\\n\\","    universal-selector: false\\n\\","*/\\n\\","* {\\n\\","    box-sizing: border-box;\\n\\","}\\n\\","body {\\n\\","    background: #dde;\\n\\","    font-family: Arial, Helvetica, sans-serif;\\n\\","    margin: 2rem;\\n\\","}\\n\\","body > * {\\n\\","    margin-bottom: 1rem;\\n\\","}\\n\\",".utility2FooterDiv {\\n\\","    margin-top: 20px;\\n\\","    text-align: center;\\n\\","}\\n\\","</style>\\n\\","<style>\\n\\","/*csslint\\n\\","*/\\n\\","textarea {\\n\\","    font-family: monospace;\\n\\","    height: 10rem;\\n\\","    width: 100%;\\n\\","}\\n\\","textarea[readonly] {\\n\\","    background: #ddd;\\n\\","}\\n\\","</style>\\n\\","</head>\\n\\","<body>\\n\\","<!-- utility2-comment\\n\\","<div id=\"ajaxProgressDiv1\" style=\"background: #d00; height: 2px; left: 0; margin: 0; padding: 0; position: fixed; top: 0; transition: background 0.5s, width 1.5s; width: 25%;\"></div>\\n\\","utility2-comment -->\\n\\","<h1>\\n\\","<!-- utility2-comment\\n\\","    <a\\n\\","        {{#if env.npm_package_homepage}}\\n\\","        href=\"{{env.npm_package_homepage}}\"\\n\\","        {{/if env.npm_package_homepage}}\\n\\","        target=\"_blank\"\\n\\","    >\\n\\","utility2-comment -->\\n\\","        {{env.npm_package_name}} (v{{env.npm_package_version}})\\n\\","<!-- utility2-comment\\n\\","    </a>\\n\\","utility2-comment -->\\n\\","</h1>\\n\\","<h3>{{env.npm_package_description}}</h3>\\n\\","<!-- utility2-comment\\n\\","<h4><a download href=\"assets.app.js\">download standalone app</a></h4>\\n\\","<button class=\"onclick onreset\" id=\"testRunButton1\">run internal test</button><br>\\n\\","<div id=\"testReportDiv1\" style=\"display: none;\"></div>\\n\\","utility2-comment -->\\n\\","\\n\\","\\n\\","\\n\\","<label>stderr and stdout</label>\\n\\","<textarea class=\"resettable\" id=\"outputTextareaStdout1\" readonly></textarea>\\n\\","<!-- utility2-comment\\n\\","{{#if isRollup}}\\n\\","<script src=\"assets.app.js\"></script>\\n\\","{{#unless isRollup}}\\n\\","utility2-comment -->\\n\\","<script src=\"assets.utility2.rollup.js\"></script>\\n\\","<script src=\"jsonp.utility2._stateInit?callback=window.utility2._stateInit\"></script>\\n\\","<script src=\"assets.npmtest_url_parse.rollup.js\"></script>\\n\\","<script src=\"assets.example.js\"></script>\\n\\","<script src=\"assets.test.js\"></script>\\n\\","<!-- utility2-comment\\n\\","{{/if isRollup}}\\n\\","utility2-comment -->\\n\\","<div class=\"utility2FooterDiv\">\\n\\","    [ this app was created with\\n\\","    <a href=\"https://github.com/kaizhu256/node-utility2\" target=\"_blank\">utility2</a>\\n\\","    ]\\n\\","</div>\\n\\","</body>\\n\\","</html>\\n\\","';","        /* jslint-ignore-end */","        if (local.templateRender) {","            local.assetsDict['/'] = local.templateRender(","                local.assetsDict['/assets.index.template.html'],","                {","                    env: local.objectSetDefault(local.env, {","                        npm_package_description: 'the greatest app in the world!',","                        npm_package_name: 'my-app',","                        npm_package_nameAlias: 'my_app',","                        npm_package_version: '0.0.1'","                    })","                }","            );","        } else {","            local.assetsDict['/'] = local.assetsDict['/assets.index.template.html']","                .replace((/\\{\\{env\\.(\\w+?)\\}\\}/g), function (match0, match1) {","                    // jslint-hack","                    String(match0);","                    switch (match1) {","                    case 'npm_package_description':","                        return 'the greatest app in the world!';","                    case 'npm_package_name':","                        return 'my-app';","                    case 'npm_package_nameAlias':","                        return 'my_app';","                    case 'npm_package_version':","                        return '0.0.1';","                    }","                });","        }","        // run the cli","        if (local.global.utility2_rollup || module !== require.main) {","            break;","        }","        local.assetsDict['/assets.example.js'] =","            local.assetsDict['/assets.example.js'] ||","            local.fs.readFileSync(__filename, 'utf8');","        // bug-workaround - long $npm_package_buildCustomOrg","        /* jslint-ignore-begin */","        local.assetsDict['/assets.npmtest_url_parse.rollup.js'] =","            local.assetsDict['/assets.npmtest_url_parse.rollup.js'] ||","            local.fs.readFileSync(","                local.npmtest_url_parse.__dirname + '/lib.npmtest_url_parse.js',","                'utf8'","            ).replace((/^#!/), '//');","        /* jslint-ignore-end */","        local.assetsDict['/favicon.ico'] = local.assetsDict['/favicon.ico'] || '';","        // if $npm_config_timeout_exit exists,","        // then exit this process after $npm_config_timeout_exit ms","        if (Number(process.env.npm_config_timeout_exit)) {","            setTimeout(process.exit, Number(process.env.npm_config_timeout_exit));","        }","        // start server","        if (local.global.utility2_serverHttp1) {","            break;","        }","        process.env.PORT = process.env.PORT || '8081';","        console.error('server starting on port ' + process.env.PORT);","        local.http.createServer(function (request, response) {","            request.urlParsed = local.url.parse(request.url);","            if (local.assetsDict[request.urlParsed.pathname] !== undefined) {","                response.end(local.assetsDict[request.urlParsed.pathname]);","                return;","            }","            response.statusCode = 404;","            response.end();","        }).listen(process.env.PORT);","        break;","    }","}());",""],"l":{"26":2,"28":2,"33":2,"35":2,"37":2,"38":2,"39":2,"44":1,"51":2,"55":2,"59":2,"61":2,"69":1,"70":2,"76":2,"79":2,"82":2,"83":2,"85":1,"89":2,"92":1,"93":1,"94":1,"96":1,"97":1,"100":1,"101":1,"103":1,"106":1,"108":2,"114":1,"116":1,"118":1,"123":1,"124":2,"125":2,"126":3,"127":3,"128":3,"129":3,"130":1,"133":3,"134":3,"139":3,"143":1,"144":3,"145":1,"149":1,"150":1,"158":1,"160":1,"161":1,"162":1,"164":1,"166":1,"258":1,"259":1,"271":1,"274":6,"275":6,"277":1,"279":2,"281":1,"283":2,"288":1,"289":1,"291":1,"296":1,"303":1,"306":1,"307":1,"310":1,"311":1,"313":1,"314":1,"315":1,"316":1,"317":1,"318":1,"319":1,"321":1,"322":1,"324":1}},"/home/travis/build/npmtest/node-npmtest-url-parse/node_modules/url-parse/index.js":{"path":"/home/travis/build/npmtest/node-npmtest-url-parse/node_modules/url-parse/index.js","s":{"1":1,"2":1,"3":1,"4":0,"5":0,"6":1,"7":0,"8":0,"9":0,"10":0,"11":0,"12":0,"13":0,"14":0,"15":0,"16":0,"17":0,"18":0,"19":0,"20":0,"21":0,"22":0,"23":0,"24":1,"25":0,"26":0,"27":0,"28":0,"29":0,"30":0,"31":0,"32":0,"33":0,"34":0,"35":0,"36":0,"37":0,"38":0,"39":0,"40":0,"41":0,"42":0,"43":0,"44":0,"45":0,"46":0,"47":0,"48":0,"49":0,"50":0,"51":0,"52":0,"53":0,"54":0,"55":0,"56":0,"57":0,"58":0,"59":0,"60":0,"61":0,"62":0,"63":0,"64":0,"65":0,"66":0,"67":0,"68":0,"69":0,"70":0,"71":0,"72":0,"73":0,"74":1,"75":0,"76":0,"77":0,"78":0,"79":0,"80":0,"81":0,"82":0,"83":0,"84":0,"85":0,"86":0,"87":0,"88":0,"89":0,"90":0,"91":0,"92":0,"93":0,"94":0,"95":0,"96":0,"97":0,"98":0,"99":0,"100":0,"101":0,"102":0,"103":0,"104":0,"105":0,"106":0,"107":0,"108":0,"109":0,"110":0,"111":0,"112":0,"113":0,"114":1,"115":0,"116":0,"117":0,"118":0,"119":0,"120":0,"121":0,"122":0,"123":0,"124":0,"125":0,"126":0,"127":0,"128":0,"129":0,"130":0,"131":0,"132":0,"133":1,"134":1,"135":1,"136":1,"137":1},"b":{"1":[0,0],"2":[0,0],"3":[0,0],"4":[0,0],"5":[0,0],"6":[0,0],"7":[0,0],"8":[0,0],"9":[0,0],"10":[0,0],"11":[0,0],"12":[0,0],"13":[0,0],"14":[0,0],"15":[0,0],"16":[0,0],"17":[0,0,0],"18":[0,0,0],"19":[0,0],"20":[0,0],"21":[0,0],"22":[0,0],"23":[0,0],"24":[0,0],"25":[0,0],"26":[0,0],"27":[0,0],"28":[0,0],"29":[0,0],"30":[0,0],"31":[0,0],"32":[0,0,0,0,0],"33":[0,0],"34":[0,0],"35":[0,0],"36":[0,0],"37":[0,0],"38":[0,0,0],"39":[0,0,0,0,0,0,0],"40":[0,0],"41":[0,0],"42":[0,0],"43":[0,0],"44":[0,0],"45":[0,0],"46":[0,0],"47":[0,0],"48":[0,0],"49":[0,0],"50":[0,0],"51":[0,0,0],"52":[0,0],"53":[0,0],"54":[0,0],"55":[0,0],"56":[0,0],"57":[0,0],"58":[0,0],"59":[0,0],"60":[0,0],"61":[0,0],"62":[0,0]},"f":{"1":0,"2":0,"3":0,"4":0,"5":0},"fnMap":{"1":{"name":"extractProtocol","line":45,"loc":{"start":{"line":45,"column":0},"end":{"line":45,"column":34}}},"2":{"name":"resolve","line":63,"loc":{"start":{"line":63,"column":0},"end":{"line":63,"column":33}}},"3":{"name":"URL","line":100,"loc":{"start":{"line":100,"column":0},"end":{"line":100,"column":40}}},"4":{"name":"set","line":241,"loc":{"start":{"line":241,"column":0},"end":{"line":241,"column":30}}},"5":{"name":"toString","line":322,"loc":{"start":{"line":322,"column":0},"end":{"line":322,"column":29}}}},"statementMap":{"1":{"start":{"line":3,"column":0},"end":{"line":6,"column":59}},"2":{"start":{"line":20,"column":0},"end":{"line":28,"column":2}},"3":{"start":{"line":45,"column":0},"end":{"line":53,"column":1}},"4":{"start":{"line":46,"column":2},"end":{"line":46,"column":39}},"5":{"start":{"line":48,"column":2},"end":{"line":52,"column":4}},"6":{"start":{"line":63,"column":0},"end":{"line":87,"column":1}},"7":{"start":{"line":64,"column":2},"end":{"line":68,"column":13}},"8":{"start":{"line":70,"column":2},"end":{"line":81,"column":3}},"9":{"start":{"line":71,"column":4},"end":{"line":80,"column":5}},"10":{"start":{"line":72,"column":6},"end":{"line":72,"column":24}},"11":{"start":{"line":73,"column":11},"end":{"line":80,"column":5}},"12":{"start":{"line":74,"column":6},"end":{"line":74,"column":24}},"13":{"start":{"line":75,"column":6},"end":{"line":75,"column":11}},"14":{"start":{"line":76,"column":11},"end":{"line":80,"column":5}},"15":{"start":{"line":77,"column":6},"end":{"line":77,"column":34}},"16":{"start":{"line":77,"column":19},"end":{"line":77,"column":34}},"17":{"start":{"line":78,"column":6},"end":{"line":78,"column":24}},"18":{"start":{"line":79,"column":6},"end":{"line":79,"column":11}},"19":{"start":{"line":83,"column":2},"end":{"line":83,"column":32}},"20":{"start":{"line":83,"column":15},"end":{"line":83,"column":32}},"21":{"start":{"line":84,"column":2},"end":{"line":84,"column":51}},"22":{"start":{"line":84,"column":37},"end":{"line":84,"column":51}},"23":{"start":{"line":86,"column":2},"end":{"line":86,"column":24}},"24":{"start":{"line":100,"column":0},"end":{"line":226,"column":1}},"25":{"start":{"line":101,"column":2},"end":{"line":103,"column":3}},"26":{"start":{"line":102,"column":4},"end":{"line":102,"column":46}},"27":{"start":{"line":105,"column":2},"end":{"line":109,"column":12}},"28":{"start":{"line":122,"column":2},"end":{"line":125,"column":3}},"29":{"start":{"line":123,"column":4},"end":{"line":123,"column":22}},"30":{"start":{"line":124,"column":4},"end":{"line":124,"column":20}},"31":{"start":{"line":127,"column":2},"end":{"line":127,"column":64}},"32":{"start":{"line":127,"column":46},"end":{"line":127,"column":64}},"33":{"start":{"line":129,"column":2},"end":{"line":129,"column":33}},"34":{"start":{"line":134,"column":2},"end":{"line":134,"column":45}},"35":{"start":{"line":135,"column":2},"end":{"line":135,"column":55}},"36":{"start":{"line":136,"column":2},"end":{"line":136,"column":66}},"37":{"start":{"line":137,"column":2},"end":{"line":137,"column":63}},"38":{"start":{"line":138,"column":2},"end":{"line":138,"column":27}},"39":{"start":{"line":144,"column":2},"end":{"line":144,"column":65}},"40":{"start":{"line":144,"column":26},"end":{"line":144,"column":65}},"41":{"start":{"line":146,"column":2},"end":{"line":177,"column":3}},"42":{"start":{"line":147,"column":4},"end":{"line":147,"column":34}},"43":{"start":{"line":148,"column":4},"end":{"line":148,"column":27}},"44":{"start":{"line":149,"column":4},"end":{"line":149,"column":25}},"45":{"start":{"line":151,"column":4},"end":{"line":166,"column":5}},"46":{"start":{"line":152,"column":6},"end":{"line":152,"column":25}},"47":{"start":{"line":153,"column":11},"end":{"line":166,"column":5}},"48":{"start":{"line":154,"column":6},"end":{"line":162,"column":7}},"49":{"start":{"line":155,"column":8},"end":{"line":161,"column":9}},"50":{"start":{"line":156,"column":10},"end":{"line":156,"column":45}},"51":{"start":{"line":157,"column":10},"end":{"line":157,"column":58}},"52":{"start":{"line":159,"column":10},"end":{"line":159,"column":42}},"53":{"start":{"line":160,"column":10},"end":{"line":160,"column":44}},"54":{"start":{"line":163,"column":11},"end":{"line":166,"column":5}},"55":{"start":{"line":164,"column":6},"end":{"line":164,"column":26}},"56":{"start":{"line":165,"column":6},"end":{"line":165,"column":46}},"57":{"start":{"line":168,"column":4},"end":{"line":170,"column":6}},"58":{"start":{"line":176,"column":4},"end":{"line":176,"column":58}},"59":{"start":{"line":176,"column":24},"end":{"line":176,"column":58}},"60":{"start":{"line":184,"column":2},"end":{"line":184,"column":44}},"61":{"start":{"line":184,"column":14},"end":{"line":184,"column":44}},"62":{"start":{"line":189,"column":2},"end":{"line":196,"column":3}},"63":{"start":{"line":195,"column":4},"end":{"line":195,"column":60}},"64":{"start":{"line":203,"column":2},"end":{"line":206,"column":3}},"65":{"start":{"line":204,"column":4},"end":{"line":204,"column":28}},"66":{"start":{"line":205,"column":4},"end":{"line":205,"column":18}},"67":{"start":{"line":211,"column":2},"end":{"line":211,"column":35}},"68":{"start":{"line":212,"column":2},"end":{"line":216,"column":3}},"69":{"start":{"line":213,"column":4},"end":{"line":213,"column":38}},"70":{"start":{"line":214,"column":4},"end":{"line":214,"column":40}},"71":{"start":{"line":215,"column":4},"end":{"line":215,"column":40}},"72":{"start":{"line":218,"column":2},"end":{"line":220,"column":13}},"73":{"start":{"line":225,"column":2},"end":{"line":225,"column":28}},"74":{"start":{"line":241,"column":0},"end":{"line":313,"column":1}},"75":{"start":{"line":242,"column":2},"end":{"line":242,"column":17}},"76":{"start":{"line":244,"column":2},"end":{"line":298,"column":3}},"77":{"start":{"line":246,"column":6},"end":{"line":248,"column":7}},"78":{"start":{"line":247,"column":8},"end":{"line":247,"column":40}},"79":{"start":{"line":250,"column":6},"end":{"line":250,"column":24}},"80":{"start":{"line":251,"column":6},"end":{"line":251,"column":12}},"81":{"start":{"line":254,"column":6},"end":{"line":254,"column":24}},"82":{"start":{"line":256,"column":6},"end":{"line":261,"column":7}},"83":{"start":{"line":257,"column":8},"end":{"line":257,"column":32}},"84":{"start":{"line":258,"column":8},"end":{"line":258,"column":23}},"85":{"start":{"line":259,"column":13},"end":{"line":261,"column":7}},"86":{"start":{"line":260,"column":8},"end":{"line":260,"column":44}},"87":{"start":{"line":263,"column":6},"end":{"line":263,"column":12}},"88":{"start":{"line":266,"column":6},"end":{"line":266,"column":24}},"89":{"start":{"line":268,"column":6},"end":{"line":268,"column":43}},"90":{"start":{"line":268,"column":20},"end":{"line":268,"column":43}},"91":{"start":{"line":269,"column":6},"end":{"line":269,"column":23}},"92":{"start":{"line":270,"column":6},"end":{"line":270,"column":12}},"93":{"start":{"line":273,"column":6},"end":{"line":273,"column":24}},"94":{"start":{"line":275,"column":6},"end":{"line":282,"column":7}},"95":{"start":{"line":276,"column":8},"end":{"line":276,"column":33}},"96":{"start":{"line":277,"column":8},"end":{"line":277,"column":31}},"97":{"start":{"line":278,"column":8},"end":{"line":278,"column":39}},"98":{"start":{"line":280,"column":8},"end":{"line":280,"column":29}},"99":{"start":{"line":281,"column":8},"end":{"line":281,"column":22}},"100":{"start":{"line":284,"column":6},"end":{"line":284,"column":12}},"101":{"start":{"line":287,"column":6},"end":{"line":287,"column":41}},"102":{"start":{"line":288,"column":6},"end":{"line":288,"column":24}},"103":{"start":{"line":289,"column":6},"end":{"line":289,"column":12}},"104":{"start":{"line":292,"column":6},"end":{"line":292,"column":83}},"105":{"start":{"line":294,"column":6},"end":{"line":294,"column":12}},"106":{"start":{"line":297,"column":6},"end":{"line":297,"column":24}},"107":{"start":{"line":300,"column":2},"end":{"line":304,"column":3}},"108":{"start":{"line":301,"column":4},"end":{"line":301,"column":23}},"109":{"start":{"line":303,"column":4},"end":{"line":303,"column":56}},"110":{"start":{"line":303,"column":16},"end":{"line":303,"column":56}},"111":{"start":{"line":306,"column":2},"end":{"line":308,"column":13}},"112":{"start":{"line":310,"column":2},"end":{"line":310,"column":28}},"113":{"start":{"line":312,"column":2},"end":{"line":312,"column":13}},"114":{"start":{"line":322,"column":0},"end":{"line":347,"column":1}},"115":{"start":{"line":323,"column":2},"end":{"line":323,"column":78}},"116":{"start":{"line":323,"column":53},"end":{"line":323,"column":78}},"117":{"start":{"line":325,"column":2},"end":{"line":327,"column":30}},"118":{"start":{"line":329,"column":2},"end":{"line":329,"column":80}},"119":{"start":{"line":329,"column":64},"end":{"line":329,"column":80}},"120":{"start":{"line":331,"column":2},"end":{"line":331,"column":52}},"121":{"start":{"line":333,"column":2},"end":{"line":337,"column":3}},"122":{"start":{"line":334,"column":4},"end":{"line":334,"column":27}},"123":{"start":{"line":335,"column":4},"end":{"line":335,"column":50}},"124":{"start":{"line":335,"column":22},"end":{"line":335,"column":50}},"125":{"start":{"line":336,"column":4},"end":{"line":336,"column":18}},"126":{"start":{"line":339,"column":2},"end":{"line":339,"column":36}},"127":{"start":{"line":341,"column":2},"end":{"line":341,"column":75}},"128":{"start":{"line":342,"column":2},"end":{"line":342,"column":68}},"129":{"start":{"line":342,"column":13},"end":{"line":342,"column":68}},"130":{"start":{"line":344,"column":2},"end":{"line":344,"column":35}},"131":{"start":{"line":344,"column":16},"end":{"line":344,"column":35}},"132":{"start":{"line":346,"column":2},"end":{"line":346,"column":16}},"133":{"start":{"line":349,"column":0},"end":{"line":349,"column":49}},"134":{"start":{"line":355,"column":0},"end":{"line":355,"column":38}},"135":{"start":{"line":356,"column":0},"end":{"line":356,"column":25}},"136":{"start":{"line":357,"column":0},"end":{"line":357,"column":12}},"137":{"start":{"line":359,"column":0},"end":{"line":359,"column":21}}},"branchMap":{"1":{"line":49,"type":"cond-expr","locations":[{"start":{"line":49,"column":25},"end":{"line":49,"column":47}},{"start":{"line":49,"column":50},"end":{"line":49,"column":52}}]},"2":{"line":64,"type":"binary-expr","locations":[{"start":{"line":64,"column":14},"end":{"line":64,"column":18}},{"start":{"line":64,"column":22},"end":{"line":64,"column":25}}]},"3":{"line":71,"type":"if","locations":[{"start":{"line":71,"column":4},"end":{"line":71,"column":4}},{"start":{"line":71,"column":4},"end":{"line":71,"column":4}}]},"4":{"line":73,"type":"if","locations":[{"start":{"line":73,"column":11},"end":{"line":73,"column":11}},{"start":{"line":73,"column":11},"end":{"line":73,"column":11}}]},"5":{"line":76,"type":"if","locations":[{"start":{"line":76,"column":11},"end":{"line":76,"column":11}},{"start":{"line":76,"column":11},"end":{"line":76,"column":11}}]},"6":{"line":77,"type":"if","locations":[{"start":{"line":77,"column":6},"end":{"line":77,"column":6}},{"start":{"line":77,"column":6},"end":{"line":77,"column":6}}]},"7":{"line":83,"type":"if","locations":[{"start":{"line":83,"column":2},"end":{"line":83,"column":2}},{"start":{"line":83,"column":2},"end":{"line":83,"column":2}}]},"8":{"line":84,"type":"if","locations":[{"start":{"line":84,"column":2},"end":{"line":84,"column":2}},{"start":{"line":84,"column":2},"end":{"line":84,"column":2}}]},"9":{"line":84,"type":"binary-expr","locations":[{"start":{"line":84,"column":6},"end":{"line":84,"column":18}},{"start":{"line":84,"column":22},"end":{"line":84,"column":35}}]},"10":{"line":101,"type":"if","locations":[{"start":{"line":101,"column":2},"end":{"line":101,"column":2}},{"start":{"line":101,"column":2},"end":{"line":101,"column":2}}]},"11":{"line":122,"type":"if","locations":[{"start":{"line":122,"column":2},"end":{"line":122,"column":2}},{"start":{"line":122,"column":2},"end":{"line":122,"column":2}}]},"12":{"line":122,"type":"binary-expr","locations":[{"start":{"line":122,"column":6},"end":{"line":122,"column":23}},{"start":{"line":122,"column":27},"end":{"line":122,"column":44}}]},"13":{"line":127,"type":"if","locations":[{"start":{"line":127,"column":2},"end":{"line":127,"column":2}},{"start":{"line":127,"column":2},"end":{"line":127,"column":2}}]},"14":{"line":127,"type":"binary-expr","locations":[{"start":{"line":127,"column":6},"end":{"line":127,"column":12}},{"start":{"line":127,"column":16},"end":{"line":127,"column":44}}]},"15":{"line":134,"type":"binary-expr","locations":[{"start":{"line":134,"column":30},"end":{"line":134,"column":37}},{"start":{"line":134,"column":41},"end":{"line":134,"column":43}}]},"16":{"line":135,"type":"binary-expr","locations":[{"start":{"line":135,"column":13},"end":{"line":135,"column":32}},{"start":{"line":135,"column":36},"end":{"line":135,"column":54}}]},"17":{"line":136,"type":"binary-expr","locations":[{"start":{"line":136,"column":16},"end":{"line":136,"column":33}},{"start":{"line":136,"column":37},"end":{"line":136,"column":45}},{"start":{"line":136,"column":49},"end":{"line":136,"column":65}}]},"18":{"line":137,"type":"binary-expr","locations":[{"start":{"line":137,"column":17},"end":{"line":137,"column":35}},{"start":{"line":137,"column":39},"end":{"line":137,"column":56}},{"start":{"line":137,"column":60},"end":{"line":137,"column":62}}]},"19":{"line":144,"type":"if","locations":[{"start":{"line":144,"column":2},"end":{"line":144,"column":2}},{"start":{"line":144,"column":2},"end":{"line":144,"column":2}}]},"20":{"line":151,"type":"if","locations":[{"start":{"line":151,"column":4},"end":{"line":151,"column":4}},{"start":{"line":151,"column":4},"end":{"line":151,"column":4}}]},"21":{"line":153,"type":"if","locations":[{"start":{"line":153,"column":11},"end":{"line":153,"column":11}},{"start":{"line":153,"column":11},"end":{"line":153,"column":11}}]},"22":{"line":154,"type":"if","locations":[{"start":{"line":154,"column":6},"end":{"line":154,"column":6}},{"start":{"line":154,"column":6},"end":{"line":154,"column":6}}]},"23":{"line":155,"type":"if","locations":[{"start":{"line":155,"column":8},"end":{"line":155,"column":8}},{"start":{"line":155,"column":8},"end":{"line":155,"column":8}}]},"24":{"line":163,"type":"if","locations":[{"start":{"line":163,"column":11},"end":{"line":163,"column":11}},{"start":{"line":163,"column":11},"end":{"line":163,"column":11}}]},"25":{"line":168,"type":"binary-expr","locations":[{"start":{"line":168,"column":15},"end":{"line":168,"column":23}},{"start":{"line":169,"column":6},"end":{"line":169,"column":59}}]},"26":{"line":169,"type":"cond-expr","locations":[{"start":{"line":169,"column":35},"end":{"line":169,"column":54}},{"start":{"line":169,"column":57},"end":{"line":169,"column":59}}]},"27":{"line":169,"type":"binary-expr","locations":[{"start":{"line":169,"column":6},"end":{"line":169,"column":14}},{"start":{"line":169,"column":18},"end":{"line":169,"column":32}}]},"28":{"line":169,"type":"binary-expr","locations":[{"start":{"line":169,"column":35},"end":{"line":169,"column":48}},{"start":{"line":169,"column":52},"end":{"line":169,"column":54}}]},"29":{"line":176,"type":"if","locations":[{"start":{"line":176,"column":4},"end":{"line":176,"column":4}},{"start":{"line":176,"column":4},"end":{"line":176,"column":4}}]},"30":{"line":184,"type":"if","locations":[{"start":{"line":184,"column":2},"end":{"line":184,"column":2}},{"start":{"line":184,"column":2},"end":{"line":184,"column":2}}]},"31":{"line":189,"type":"if","locations":[{"start":{"line":189,"column":2},"end":{"line":189,"column":2}},{"start":{"line":189,"column":2},"end":{"line":189,"column":2}}]},"32":{"line":190,"type":"binary-expr","locations":[{"start":{"line":190,"column":6},"end":{"line":190,"column":14}},{"start":{"line":191,"column":7},"end":{"line":191,"column":23}},{"start":{"line":192,"column":7},"end":{"line":192,"column":37}},{"start":{"line":193,"column":8},"end":{"line":193,"column":27}},{"start":{"line":193,"column":31},"end":{"line":193,"column":55}}]},"33":{"line":203,"type":"if","locations":[{"start":{"line":203,"column":2},"end":{"line":203,"column":2}},{"start":{"line":203,"column":2},"end":{"line":203,"column":2}}]},"34":{"line":212,"type":"if","locations":[{"start":{"line":212,"column":2},"end":{"line":212,"column":2}},{"start":{"line":212,"column":2},"end":{"line":212,"column":2}}]},"35":{"line":214,"type":"binary-expr","locations":[{"start":{"line":214,"column":19},"end":{"line":214,"column":33}},{"start":{"line":214,"column":37},"end":{"line":214,"column":39}}]},"36":{"line":215,"type":"binary-expr","locations":[{"start":{"line":215,"column":19},"end":{"line":215,"column":33}},{"start":{"line":215,"column":37},"end":{"line":215,"column":39}}]},"37":{"line":218,"type":"cond-expr","locations":[{"start":{"line":219,"column":6},"end":{"line":219,"column":34}},{"start":{"line":220,"column":6},"end":{"line":220,"column":12}}]},"38":{"line":218,"type":"binary-expr","locations":[{"start":{"line":218,"column":15},"end":{"line":218,"column":27}},{"start":{"line":218,"column":31},"end":{"line":218,"column":39}},{"start":{"line":218,"column":43},"end":{"line":218,"column":67}}]},"39":{"line":244,"type":"switch","locations":[{"start":{"line":245,"column":4},"end":{"line":251,"column":12}},{"start":{"line":253,"column":4},"end":{"line":263,"column":12}},{"start":{"line":265,"column":4},"end":{"line":270,"column":12}},{"start":{"line":272,"column":4},"end":{"line":284,"column":12}},{"start":{"line":286,"column":4},"end":{"line":289,"column":12}},{"start":{"line":291,"column":4},"end":{"line":294,"column":12}},{"start":{"line":296,"column":4},"end":{"line":297,"column":24}}]},"40":{"line":246,"type":"if","locations":[{"start":{"line":246,"column":6},"end":{"line":246,"column":6}},{"start":{"line":246,"column":6},"end":{"line":246,"column":6}}]},"41":{"line":246,"type":"binary-expr","locations":[{"start":{"line":246,"column":10},"end":{"line":246,"column":35}},{"start":{"line":246,"column":39},"end":{"line":246,"column":51}}]},"42":{"line":247,"type":"binary-expr","locations":[{"start":{"line":247,"column":17},"end":{"line":247,"column":19}},{"start":{"line":247,"column":23},"end":{"line":247,"column":31}}]},"43":{"line":256,"type":"if","locations":[{"start":{"line":256,"column":6},"end":{"line":256,"column":6}},{"start":{"line":256,"column":6},"end":{"line":256,"column":6}}]},"44":{"line":259,"type":"if","locations":[{"start":{"line":259,"column":13},"end":{"line":259,"column":13}},{"start":{"line":259,"column":13},"end":{"line":259,"column":13}}]},"45":{"line":268,"type":"if","locations":[{"start":{"line":268,"column":6},"end":{"line":268,"column":6}},{"start":{"line":268,"column":6},"end":{"line":268,"column":6}}]},"46":{"line":275,"type":"if","locations":[{"start":{"line":275,"column":6},"end":{"line":275,"column":6}},{"start":{"line":275,"column":6},"end":{"line":275,"column":6}}]},"47":{"line":292,"type":"cond-expr","locations":[{"start":{"line":292,"column":63},"end":{"line":292,"column":74}},{"start":{"line":292,"column":77},"end":{"line":292,"column":82}}]},"48":{"line":292,"type":"binary-expr","locations":[{"start":{"line":292,"column":21},"end":{"line":292,"column":33}},{"start":{"line":292,"column":37},"end":{"line":292,"column":60}}]},"49":{"line":303,"type":"if","locations":[{"start":{"line":303,"column":4},"end":{"line":303,"column":4}},{"start":{"line":303,"column":4},"end":{"line":303,"column":4}}]},"50":{"line":306,"type":"cond-expr","locations":[{"start":{"line":307,"column":6},"end":{"line":307,"column":34}},{"start":{"line":308,"column":6},"end":{"line":308,"column":12}}]},"51":{"line":306,"type":"binary-expr","locations":[{"start":{"line":306,"column":15},"end":{"line":306,"column":27}},{"start":{"line":306,"column":31},"end":{"line":306,"column":39}},{"start":{"line":306,"column":43},"end":{"line":306,"column":67}}]},"52":{"line":323,"type":"if","locations":[{"start":{"line":323,"column":2},"end":{"line":323,"column":2}},{"start":{"line":323,"column":2},"end":{"line":323,"column":2}}]},"53":{"line":323,"type":"binary-expr","locations":[{"start":{"line":323,"column":6},"end":{"line":323,"column":16}},{"start":{"line":323,"column":20},"end":{"line":323,"column":51}}]},"54":{"line":329,"type":"if","locations":[{"start":{"line":329,"column":2},"end":{"line":329,"column":2}},{"start":{"line":329,"column":2},"end":{"line":329,"column":2}}]},"55":{"line":329,"type":"binary-expr","locations":[{"start":{"line":329,"column":6},"end":{"line":329,"column":14}},{"start":{"line":329,"column":18},"end":{"line":329,"column":62}}]},"56":{"line":331,"type":"cond-expr","locations":[{"start":{"line":331,"column":41},"end":{"line":331,"column":45}},{"start":{"line":331,"column":48},"end":{"line":331,"column":50}}]},"57":{"line":333,"type":"if","locations":[{"start":{"line":333,"column":2},"end":{"line":333,"column":2}},{"start":{"line":333,"column":2},"end":{"line":333,"column":2}}]},"58":{"line":335,"type":"if","locations":[{"start":{"line":335,"column":4},"end":{"line":335,"column":4}},{"start":{"line":335,"column":4},"end":{"line":335,"column":4}}]},"59":{"line":341,"type":"cond-expr","locations":[{"start":{"line":341,"column":42},"end":{"line":341,"column":62}},{"start":{"line":341,"column":65},"end":{"line":341,"column":74}}]},"60":{"line":342,"type":"if","locations":[{"start":{"line":342,"column":2},"end":{"line":342,"column":2}},{"start":{"line":342,"column":2},"end":{"line":342,"column":2}}]},"61":{"line":342,"type":"cond-expr","locations":[{"start":{"line":342,"column":49},"end":{"line":342,"column":59}},{"start":{"line":342,"column":62},"end":{"line":342,"column":67}}]},"62":{"line":344,"type":"if","locations":[{"start":{"line":344,"column":2},"end":{"line":344,"column":2}},{"start":{"line":344,"column":2},"end":{"line":344,"column":2}}]}},"code":["'use strict';","","var required = require('requires-port')","  , lolcation = require('./lolcation')","  , qs = require('querystringify')","  , protocolre = /^([a-z][a-z0-9.+-]*:)?(\\/\\/)?([\\S\\s]*)/i;","","/**"," * These are the parse rules for the URL parser, it informs the parser"," * about:"," *"," * 0. The char it Needs to parse, if it's a string it should be done using"," *    indexOf, RegExp using exec and NaN means set as current value."," * 1. The property we should set when parsing this value."," * 2. Indication if it's backwards or forward parsing, when set as number it's"," *    the value of extra chars that should be split off."," * 3. Inherit from location if non existing in the parser."," * 4. `toLowerCase` the resulting value."," */","var rules = [","  ['#', 'hash'],                        // Extract from the back.","  ['?', 'query'],                       // Extract from the back.","  ['/', 'pathname'],                    // Extract from the back.","  ['@', 'auth', 1],                     // Extract from the front.","  [NaN, 'host', undefined, 1, 1],       // Set left over value.","  [/:(\\d+)$/, 'port', undefined, 1],    // RegExp the back.","  [NaN, 'hostname', undefined, 1, 1]    // Set left over.","];","","/**"," * @typedef ProtocolExtract"," * @type Object"," * @property {String} protocol Protocol matched in the URL, in lowercase."," * @property {Boolean} slashes `true` if protocol is followed by \"//\", else `false`."," * @property {String} rest Rest of the URL that is not part of the protocol."," */","","/**"," * Extract protocol information from a URL with/without double slash (\"//\")."," *"," * @param {String} address URL we want to extract from."," * @return {ProtocolExtract} Extracted information."," * @api private"," */","function extractProtocol(address) {","  var match = protocolre.exec(address);","","  return {","    protocol: match[1] ? match[1].toLowerCase() : '',","    slashes: !!match[2],","    rest: match[3]","  };","}","","/**"," * Resolve a relative URL pathname against a base URL pathname."," *"," * @param {String} relative Pathname of the relative URL."," * @param {String} base Pathname of the base URL."," * @return {String} Resolved pathname."," * @api private"," */","function resolve(relative, base) {","  var path = (base || '/').split('/').slice(0, -1).concat(relative.split('/'))","    , i = path.length","    , last = path[i - 1]","    , unshift = false","    , up = 0;","","  while (i--) {","    if (path[i] === '.') {","      path.splice(i, 1);","    } else if (path[i] === '..') {","      path.splice(i, 1);","      up++;","    } else if (up) {","      if (i === 0) unshift = true;","      path.splice(i, 1);","      up--;","    }","  }","","  if (unshift) path.unshift('');","  if (last === '.' || last === '..') path.push('');","","  return path.join('/');","}","","/**"," * The actual URL instance. Instead of returning an object we've opted-in to"," * create an actual constructor as it's much more memory efficient and"," * faster and it pleases my OCD."," *"," * @constructor"," * @param {String} address URL we want to parse."," * @param {Object|String} location Location defaults for relative paths."," * @param {Boolean|Function} parser Parser for the query string."," * @api public"," */","function URL(address, location, parser) {","  if (!(this instanceof URL)) {","    return new URL(address, location, parser);","  }","","  var relative, extracted, parse, instruction, index, key","    , instructions = rules.slice()","    , type = typeof location","    , url = this","    , i = 0;","","  //","  // The following if statements allows this module two have compatibility with","  // 2 different API:","  //","  // 1. Node.js's `url.parse` api which accepts a URL, boolean as arguments","  //    where the boolean indicates that the query string should also be parsed.","  //","  // 2. The `URL` interface of the browser which accepts a URL, object as","  //    arguments. The supplied object will be used as default values / fall-back","  //    for relative paths.","  //","  if ('object' !== type && 'string' !== type) {","    parser = location;","    location = null;","  }","","  if (parser && 'function' !== typeof parser) parser = qs.parse;","","  location = lolcation(location);","","  //","  // Extract protocol information before running the instructions.","  //","  extracted = extractProtocol(address || '');","  relative = !extracted.protocol && !extracted.slashes;","  url.slashes = extracted.slashes || relative && location.slashes;","  url.protocol = extracted.protocol || location.protocol || '';","  address = extracted.rest;","","  //","  // When the authority component is absent the URL starts with a path","  // component.","  //","  if (!extracted.slashes) instructions[2] = [/(.*)/, 'pathname'];","","  for (; i < instructions.length; i++) {","    instruction = instructions[i];","    parse = instruction[0];","    key = instruction[1];","","    if (parse !== parse) {","      url[key] = address;","    } else if ('string' === typeof parse) {","      if (~(index = address.indexOf(parse))) {","        if ('number' === typeof instruction[2]) {","          url[key] = address.slice(0, index);","          address = address.slice(index + instruction[2]);","        } else {","          url[key] = address.slice(index);","          address = address.slice(0, index);","        }","      }","    } else if ((index = parse.exec(address))) {","      url[key] = index[1];","      address = address.slice(0, index.index);","    }","","    url[key] = url[key] || (","      relative && instruction[3] ? location[key] || '' : ''","    );","","    //","    // Hostname, host and protocol should be lowercased so they can be used to","    // create a proper `origin`.","    //","    if (instruction[4]) url[key] = url[key].toLowerCase();","  }","","  //","  // Also parse the supplied query string in to an object. If we're supplied","  // with a custom parser as function use that instead of the default build-in","  // parser.","  //","  if (parser) url.query = parser(url.query);","","  //","  // If the URL is relative, resolve the pathname against the base URL.","  //","  if (","      relative","    && location.slashes","    && url.pathname.charAt(0) !== '/'","    && (url.pathname !== '' || location.pathname !== '')","  ) {","    url.pathname = resolve(url.pathname, location.pathname);","  }","","  //","  // We should not add port numbers if they are already the default port number","  // for a given protocol. As the host also contains the port number we're going","  // override it with the hostname which contains no port number.","  //","  if (!required(url.port, url.protocol)) {","    url.host = url.hostname;","    url.port = '';","  }","","  //","  // Parse down the `auth` for the username and password.","  //","  url.username = url.password = '';","  if (url.auth) {","    instruction = url.auth.split(':');","    url.username = instruction[0] || '';","    url.password = instruction[1] || '';","  }","","  url.origin = url.protocol && url.host && url.protocol !== 'file:'","    ? url.protocol +'//'+ url.host","    : 'null';","","  //","  // The href is just the compiled result.","  //","  url.href = url.toString();","}","","/**"," * This is convenience method for changing properties in the URL instance to"," * insure that they all propagate correctly."," *"," * @param {String} part          Property we need to adjust."," * @param {Mixed} value          The newly assigned value."," * @param {Boolean|Function} fn  When setting the query, it will be the function"," *                               used to parse the query."," *                               When setting the protocol, double slash will be"," *                               removed from the final url if it is true."," * @returns {URL}"," * @api public"," */","function set(part, value, fn) {","  var url = this;","","  switch (part) {","    case 'query':","      if ('string' === typeof value && value.length) {","        value = (fn || qs.parse)(value);","      }","","      url[part] = value;","      break;","","    case 'port':","      url[part] = value;","","      if (!required(value, url.protocol)) {","        url.host = url.hostname;","        url[part] = '';","      } else if (value) {","        url.host = url.hostname +':'+ value;","      }","","      break;","","    case 'hostname':","      url[part] = value;","","      if (url.port) value += ':'+ url.port;","      url.host = value;","      break;","","    case 'host':","      url[part] = value;","","      if (/:\\d+$/.test(value)) {","        value = value.split(':');","        url.port = value.pop();","        url.hostname = value.join(':');","      } else {","        url.hostname = value;","        url.port = '';","      }","","      break;","","    case 'protocol':","      url.protocol = value.toLowerCase();","      url.slashes = !fn;","      break;","","    case 'pathname':","      url.pathname = value.length && value.charAt(0) !== '/' ? '/' + value : value;","","      break;","","    default:","      url[part] = value;","  }","","  for (var i = 0; i < rules.length; i++) {","    var ins = rules[i];","","    if (ins[4]) url[ins[1]] = url[ins[1]].toLowerCase();","  }","","  url.origin = url.protocol && url.host && url.protocol !== 'file:'","    ? url.protocol +'//'+ url.host","    : 'null';","","  url.href = url.toString();","","  return url;","};","","/**"," * Transform the properties back in to a valid and full URL string."," *"," * @param {Function} stringify Optional query stringify function."," * @returns {String}"," * @api public"," */","function toString(stringify) {","  if (!stringify || 'function' !== typeof stringify) stringify = qs.stringify;","","  var query","    , url = this","    , protocol = url.protocol;","","  if (protocol && protocol.charAt(protocol.length - 1) !== ':') protocol += ':';","","  var result = protocol + (url.slashes ? '//' : '');","","  if (url.username) {","    result += url.username;","    if (url.password) result += ':'+ url.password;","    result += '@';","  }","","  result += url.host + url.pathname;","","  query = 'object' === typeof url.query ? stringify(url.query) : url.query;","  if (query) result += '?' !== query.charAt(0) ? '?'+ query : query;","","  if (url.hash) result += url.hash;","","  return result;","}","","URL.prototype = { set: set, toString: toString };","","//","// Expose the URL parser and some additional properties that might be useful for","// others or testing.","//","URL.extractProtocol = extractProtocol;","URL.location = lolcation;","URL.qs = qs;","","module.exports = URL;",""],"l":{"3":1,"20":1,"45":1,"46":0,"48":0,"63":1,"64":0,"70":0,"71":0,"72":0,"73":0,"74":0,"75":0,"76":0,"77":0,"78":0,"79":0,"83":0,"84":0,"86":0,"100":1,"101":0,"102":0,"105":0,"122":0,"123":0,"124":0,"127":0,"129":0,"134":0,"135":0,"136":0,"137":0,"138":0,"144":0,"146":0,"147":0,"148":0,"149":0,"151":0,"152":0,"153":0,"154":0,"155":0,"156":0,"157":0,"159":0,"160":0,"163":0,"164":0,"165":0,"168":0,"176":0,"184":0,"189":0,"195":0,"203":0,"204":0,"205":0,"211":0,"212":0,"213":0,"214":0,"215":0,"218":0,"225":0,"241":1,"242":0,"244":0,"246":0,"247":0,"250":0,"251":0,"254":0,"256":0,"257":0,"258":0,"259":0,"260":0,"263":0,"266":0,"268":0,"269":0,"270":0,"273":0,"275":0,"276":0,"277":0,"278":0,"280":0,"281":0,"284":0,"287":0,"288":0,"289":0,"292":0,"294":0,"297":0,"300":0,"301":0,"303":0,"306":0,"310":0,"312":0,"322":1,"323":0,"325":0,"329":0,"331":0,"333":0,"334":0,"335":0,"336":0,"339":0,"341":0,"342":0,"344":0,"346":0,"349":1,"355":1,"356":1,"357":1,"359":1}},"/home/travis/build/npmtest/node-npmtest-url-parse/node_modules/url-parse/lolcation.js":{"path":"/home/travis/build/npmtest/node-npmtest-url-parse/node_modules/url-parse/lolcation.js","s":{"1":1,"2":1,"3":1,"4":0,"5":0,"6":0,"7":0,"8":0,"9":0,"10":0,"11":0,"12":0,"13":0,"14":0,"15":0,"16":0,"17":0,"18":0,"19":0,"20":0},"b":{"1":[0,0,0],"2":[0,0],"3":[0,0],"4":[0,0],"5":[0,0],"6":[0,0],"7":[0,0]},"f":{"1":0},"fnMap":{"1":{"name":"lolcation","line":28,"loc":{"start":{"line":28,"column":17},"end":{"line":28,"column":41}}}},"statementMap":{"1":{"start":{"line":3,"column":0},"end":{"line":3,"column":46}},"2":{"start":{"line":13,"column":0},"end":{"line":14,"column":8}},"3":{"start":{"line":28,"column":0},"end":{"line":53,"column":2}},"4":{"start":{"line":29,"column":2},"end":{"line":29,"column":37}},"5":{"start":{"line":30,"column":2},"end":{"line":30,"column":29}},"6":{"start":{"line":32,"column":2},"end":{"line":34,"column":10}},"7":{"start":{"line":36,"column":2},"end":{"line":50,"column":3}},"8":{"start":{"line":37,"column":4},"end":{"line":37,"column":59}},"9":{"start":{"line":38,"column":9},"end":{"line":50,"column":3}},"10":{"start":{"line":39,"column":4},"end":{"line":39,"column":40}},"11":{"start":{"line":40,"column":4},"end":{"line":40,"column":53}},"12":{"start":{"line":40,"column":24},"end":{"line":40,"column":53}},"13":{"start":{"line":41,"column":9},"end":{"line":50,"column":3}},"14":{"start":{"line":42,"column":4},"end":{"line":45,"column":5}},"15":{"start":{"line":43,"column":6},"end":{"line":43,"column":34}},"16":{"start":{"line":43,"column":25},"end":{"line":43,"column":34}},"17":{"start":{"line":44,"column":6},"end":{"line":44,"column":39}},"18":{"start":{"line":47,"column":4},"end":{"line":49,"column":5}},"19":{"start":{"line":48,"column":6},"end":{"line":48,"column":56}},"20":{"start":{"line":52,"column":2},"end":{"line":52,"column":26}}},"branchMap":{"1":{"line":29,"type":"binary-expr","locations":[{"start":{"line":29,"column":8},"end":{"line":29,"column":11}},{"start":{"line":29,"column":15},"end":{"line":29,"column":30}},{"start":{"line":29,"column":34},"end":{"line":29,"column":36}}]},"2":{"line":30,"type":"binary-expr","locations":[{"start":{"line":30,"column":8},"end":{"line":30,"column":11}},{"start":{"line":30,"column":15},"end":{"line":30,"column":28}}]},"3":{"line":36,"type":"if","locations":[{"start":{"line":36,"column":2},"end":{"line":36,"column":2}},{"start":{"line":36,"column":2},"end":{"line":36,"column":2}}]},"4":{"line":38,"type":"if","locations":[{"start":{"line":38,"column":9},"end":{"line":38,"column":9}},{"start":{"line":38,"column":9},"end":{"line":38,"column":9}}]},"5":{"line":41,"type":"if","locations":[{"start":{"line":41,"column":9},"end":{"line":41,"column":9}},{"start":{"line":41,"column":9},"end":{"line":41,"column":9}}]},"6":{"line":43,"type":"if","locations":[{"start":{"line":43,"column":6},"end":{"line":43,"column":6}},{"start":{"line":43,"column":6},"end":{"line":43,"column":6}}]},"7":{"line":47,"type":"if","locations":[{"start":{"line":47,"column":4},"end":{"line":47,"column":4}},{"start":{"line":47,"column":4},"end":{"line":47,"column":4}}]}},"code":["'use strict';","","var slashes = /^[A-Za-z][A-Za-z0-9+-.]*:\\/\\//;","","/**"," * These properties should not be copied or inherited from. This is only needed"," * for all non blob URL's as a blob URL does not include a hash, only the"," * origin."," *"," * @type {Object}"," * @private"," */","var ignore = { hash: 1, query: 1 }","  , URL;","","/**"," * The location object differs when your code is loaded through a normal page,"," * Worker or through a worker using a blob. And with the blobble begins the"," * trouble as the location object will contain the URL of the blob, not the"," * location of the page where our code is loaded in. The actual origin is"," * encoded in the `pathname` so we can thankfully generate a good \"default\""," * location from it so we can generate proper relative URL's again."," *"," * @param {Object|String} loc Optional default location object."," * @returns {Object} lolcation object."," * @api public"," */","module.exports = function lolcation(loc) {","  loc = loc || global.location || {};","  URL = URL || require('./');","","  var finaldestination = {}","    , type = typeof loc","    , key;","","  if ('blob:' === loc.protocol) {","    finaldestination = new URL(unescape(loc.pathname), {});","  } else if ('string' === type) {","    finaldestination = new URL(loc, {});","    for (key in ignore) delete finaldestination[key];","  } else if ('object' === type) {","    for (key in loc) {","      if (key in ignore) continue;","      finaldestination[key] = loc[key];","    }","","    if (finaldestination.slashes === undefined) {","      finaldestination.slashes = slashes.test(loc.href);","    }","  }","","  return finaldestination;","};",""],"l":{"3":1,"13":1,"28":1,"29":0,"30":0,"32":0,"36":0,"37":0,"38":0,"39":0,"40":0,"41":0,"42":0,"43":0,"44":0,"47":0,"48":0,"52":0}}}